

***********************************************************************
Fatal NI connect error 12516, connecting to:
 (DESCRIPTION=(ADDRESS=(PROTOCOL=TCP)(HOST=localhost)(PORT=1521))(CONNECT_DATA=(SERVICE_NAME=xe)(CID=(PROGRAM=C:\Documents and Settings\Julierme\Meus documentos\Visual Studio 2008\GeradorDeCodigoNHibernate\GeradorDeCodigoNHibernate\GeradorDeCodigo\bin\Debug\GeradorDeCodigo.vshost.exe)(HOST=XP-VS2008)(USER=Julierme))))

  VERSION INFORMATION:
	TNS for 32-bit Windows: Version 10.2.0.1.0 - Production
	Windows NT TCP/IP NT Protocol Adapter for 32-bit Windows: Version 10.2.0.1.0 - Production
  Time: 12-JUL-2010 23:49:07
  Tracing not turned on.
  Tns error struct:
    ns main err code: 12564
    TNS-12564: TNS:conexão recusada
    ns secondary err code: 0
    nt main err code: 0
    nt secondary err code: 0
    nt OS err code: 0


***********************************************************************
Fatal NI connect error 12516, connecting to:
 (DESCRIPTION=(ADDRESS=(PROTOCOL=TCP)(HOST=localhost)(PORT=1521))(CONNECT_DATA=(SERVICE_NAME=xe)(CID=(PROGRAM=C:\Documents and Settings\Julierme\Meus documentos\Visual Studio 2008\GeradorDeCodigoNHibernate\GeradorDeCodigoNHibernate\GeradorDeCodigo\bin\Debug\GeradorDeCodigo.vshost.exe)(HOST=XP-VS2008)(USER=Julierme))))

  VERSION INFORMATION:
	TNS for 32-bit Windows: Version 10.2.0.1.0 - Production
	Windows NT TCP/IP NT Protocol Adapter for 32-bit Windows: Version 10.2.0.1.0 - Production
  Time: 12-JUL-2010 23:49:07
  Tracing not turned on.
  Tns error struct:
    ns main err code: 12564
    TNS-12564: TNS:conexão recusada
    ns secondary err code: 0
    nt main err code: 0
    nt secondary err code: 0
    nt OS err code: 0


***********************************************************************
Fatal NI connect error 12516, connecting to:
 (DESCRIPTION=(ADDRESS=(PROTOCOL=TCP)(HOST=localhost)(PORT=1521))(CONNECT_DATA=(SERVICE_NAME=xe)(CID=(PROGRAM=C:\Documents and Settings\Julierme\Meus documentos\Visual Studio 2008\GeradorDeCodigoNHibernate\GeradorDeCodigoNHibernate\GeradorDeCodigo\bin\Debug\GeradorDeCodigo.vshost.exe)(HOST=XP-VS2008)(USER=Julierme))))

  VERSION INFORMATION:
	TNS for 32-bit Windows: Version 10.2.0.1.0 - Production
	Windows NT TCP/IP NT Protocol Adapter for 32-bit Windows: Version 10.2.0.1.0 - Production
  Time: 12-JUL-2010 23:49:07
  Tracing not turned on.
  Tns error struct:
    ns main err code: 12564
    TNS-12564: TNS:conexão recusada
    ns secondary err code: 0
    nt main err code: 0
    nt secondary err code: 0
    nt OS err code: 0


***********************************************************************
Fatal NI connect error 12516, connecting to:
 (DESCRIPTION=(ADDRESS=(PROTOCOL=TCP)(HOST=localhost)(PORT=1521))(CONNECT_DATA=(SERVICE_NAME=xe)(CID=(PROGRAM=C:\Documents and Settings\Julierme\Meus documentos\Visual Studio 2008\GeradorDeCodigoNHibernate\GeradorDeCodigoNHibernate\GeradorDeCodigo\bin\Debug\GeradorDeCodigo.vshost.exe)(HOST=XP-VS2008)(USER=Julierme))))

  VERSION INFORMATION:
	TNS for 32-bit Windows: Version 10.2.0.1.0 - Production
	Windows NT TCP/IP NT Protocol Adapter for 32-bit Windows: Version 10.2.0.1.0 - Production
  Time: 12-JUL-2010 23:49:08
  Tracing not turned on.
  Tns error struct:
    ns main err code: 12564
    TNS-12564: TNS:conexão recusada
    ns secondary err code: 0
    nt main err code: 0
    nt secondary err code: 0
    nt OS err code: 0


***********************************************************************
Fatal NI connect error 12516, connecting to:
 (DESCRIPTION=(ADDRESS=(PROTOCOL=TCP)(HOST=localhost)(PORT=1521))(CONNECT_DATA=(SERVICE_NAME=xe)(CID=(PROGRAM=C:\Documents and Settings\Julierme\Meus documentos\Visual Studio 2008\GeradorDeCodigoNHibernate\GeradorDeCodigoNHibernate\GeradorDeCodigo\bin\Debug\GeradorDeCodigo.vshost.exe)(HOST=XP-VS2008)(USER=Julierme))))

  VERSION INFORMATION:
	TNS for 32-bit Windows: Version 10.2.0.1.0 - Production
	Windows NT TCP/IP NT Protocol Adapter for 32-bit Windows: Version 10.2.0.1.0 - Production
  Time: 12-JUL-2010 23:49:08
  Tracing not turned on.
  Tns error struct:
    ns main err code: 12564
    TNS-12564: TNS:conexão recusada
    ns secondary err code: 0
    nt main err code: 0
    nt secondary err code: 0
    nt OS err code: 0


***********************************************************************
Fatal NI connect error 12516, connecting to:
 (DESCRIPTION=(ADDRESS=(PROTOCOL=TCP)(HOST=localhost)(PORT=1521))(CONNECT_DATA=(SERVICE_NAME=xe)(CID=(PROGRAM=C:\Documents and Settings\Julierme\Meus documentos\Visual Studio 2008\GeradorDeCodigoNHibernate\GeradorDeCodigoNHibernate\GeradorDeCodigo\bin\Debug\GeradorDeCodigo.vshost.exe)(HOST=XP-VS2008)(USER=Julierme))))

  VERSION INFORMATION:
	TNS for 32-bit Windows: Version 10.2.0.1.0 - Production
	Windows NT TCP/IP NT Protocol Adapter for 32-bit Windows: Version 10.2.0.1.0 - Production
  Time: 12-JUL-2010 23:49:08
  Tracing not turned on.
  Tns error struct:
    ns main err code: 12564
    TNS-12564: TNS:conexão recusada
    ns secondary err code: 0
    nt main err code: 0
    nt secondary err code: 0
    nt OS err code: 0


***********************************************************************
Fatal NI connect error 12516, connecting to:
 (DESCRIPTION=(ADDRESS=(PROTOCOL=TCP)(HOST=localhost)(PORT=1521))(CONNECT_DATA=(SERVICE_NAME=xe)(CID=(PROGRAM=C:\Documents and Settings\Julierme\Meus documentos\Visual Studio 2008\GeradorDeCodigoNHibernate\GeradorDeCodigoNHibernate\GeradorDeCodigo\bin\Debug\GeradorDeCodigo.vshost.exe)(HOST=XP-VS2008)(USER=Julierme))))

  VERSION INFORMATION:
	TNS for 32-bit Windows: Version 10.2.0.1.0 - Production
	Windows NT TCP/IP NT Protocol Adapter for 32-bit Windows: Version 10.2.0.1.0 - Production
  Time: 12-JUL-2010 23:49:08
  Tracing not turned on.
  Tns error struct:
    ns main err code: 12564
    TNS-12564: TNS:conexão recusada
    ns secondary err code: 0
    nt main err code: 0
    nt secondary err code: 0
    nt OS err code: 0


***********************************************************************
Fatal NI connect error 12516, connecting to:
 (DESCRIPTION=(ADDRESS=(PROTOCOL=TCP)(HOST=localhost)(PORT=1521))(CONNECT_DATA=(SERVICE_NAME=xe)(CID=(PROGRAM=C:\Documents and Settings\Julierme\Meus documentos\Visual Studio 2008\GeradorDeCodigoNHibernate\GeradorDeCodigoNHibernate\GeradorDeCodigo\bin\Debug\GeradorDeCodigo.vshost.exe)(HOST=XP-VS2008)(USER=Julierme))))

  VERSION INFORMATION:
	TNS for 32-bit Windows: Version 10.2.0.1.0 - Production
	Windows NT TCP/IP NT Protocol Adapter for 32-bit Windows: Version 10.2.0.1.0 - Production
  Time: 12-JUL-2010 23:51:25
  Tracing not turned on.
  Tns error struct:
    ns main err code: 12564
    TNS-12564: TNS:conexão recusada
    ns secondary err code: 0
    nt main err code: 0
    nt secondary err code: 0
    nt OS err code: 0


***********************************************************************
Fatal NI connect error 12516, connecting to:
 (DESCRIPTION=(ADDRESS=(PROTOCOL=TCP)(HOST=localhost)(PORT=1521))(CONNECT_DATA=(SERVICE_NAME=xe)(CID=(PROGRAM=C:\Documents and Settings\Julierme\Meus documentos\Visual Studio 2008\GeradorDeCodigoNHibernate\GeradorDeCodigoNHibernate\GeradorDeCodigo\bin\Debug\GeradorDeCodigo.vshost.exe)(HOST=XP-VS2008)(USER=Julierme))))

  VERSION INFORMATION:
	TNS for 32-bit Windows: Version 10.2.0.1.0 - Production
	Windows NT TCP/IP NT Protocol Adapter for 32-bit Windows: Version 10.2.0.1.0 - Production
  Time: 12-JUL-2010 23:51:25
  Tracing not turned on.
  Tns error struct:
    ns main err code: 12564
    TNS-12564: TNS:conexão recusada
    ns secondary err code: 0
    nt main err code: 0
    nt secondary err code: 0
    nt OS err code: 0


***********************************************************************
Fatal NI connect error 12516, connecting to:
 (DESCRIPTION=(ADDRESS=(PROTOCOL=TCP)(HOST=localhost)(PORT=1521))(CONNECT_DATA=(SERVICE_NAME=xe)(CID=(PROGRAM=C:\Documents and Settings\Julierme\Meus documentos\Visual Studio 2008\GeradorDeCodigoNHibernate\GeradorDeCodigoNHibernate\GeradorDeCodigo\bin\Debug\GeradorDeCodigo.vshost.exe)(HOST=XP-VS2008)(USER=Julierme))))

  VERSION INFORMATION:
	TNS for 32-bit Windows: Version 10.2.0.1.0 - Production
	Windows NT TCP/IP NT Protocol Adapter for 32-bit Windows: Version 10.2.0.1.0 - Production
  Time: 12-JUL-2010 23:51:25
  Tracing not turned on.
  Tns error struct:
    ns main err code: 12564
    TNS-12564: TNS:conexão recusada
    ns secondary err code: 0
    nt main err code: 0
    nt secondary err code: 0
    nt OS err code: 0


***********************************************************************
Fatal NI connect error 12516, connecting to:
 (DESCRIPTION=(ADDRESS=(PROTOCOL=TCP)(HOST=localhost)(PORT=1521))(CONNECT_DATA=(SERVICE_NAME=xe)(CID=(PROGRAM=C:\Documents and Settings\Julierme\Meus documentos\Visual Studio 2008\GeradorDeCodigoNHibernate\GeradorDeCodigoNHibernate\GeradorDeCodigo\bin\Debug\GeradorDeCodigo.vshost.exe)(HOST=XP-VS2008)(USER=Julierme))))

  VERSION INFORMATION:
	TNS for 32-bit Windows: Version 10.2.0.1.0 - Production
	Windows NT TCP/IP NT Protocol Adapter for 32-bit Windows: Version 10.2.0.1.0 - Production
  Time: 12-JUL-2010 23:51:25
  Tracing not turned on.
  Tns error struct:
    ns main err code: 12564
    TNS-12564: TNS:conexão recusada
    ns secondary err code: 0
    nt main err code: 0
    nt secondary err code: 0
    nt OS err code: 0


***********************************************************************
Fatal NI connect error 12516, connecting to:
 (DESCRIPTION=(ADDRESS=(PROTOCOL=TCP)(HOST=localhost)(PORT=1521))(CONNECT_DATA=(SERVICE_NAME=xe)(CID=(PROGRAM=C:\Documents and Settings\Julierme\Meus documentos\Visual Studio 2008\GeradorDeCodigoNHibernate\GeradorDeCodigoNHibernate\GeradorDeCodigo\bin\Debug\GeradorDeCodigo.vshost.exe)(HOST=XP-VS2008)(USER=Julierme))))

  VERSION INFORMATION:
	TNS for 32-bit Windows: Version 10.2.0.1.0 - Production
	Windows NT TCP/IP NT Protocol Adapter for 32-bit Windows: Version 10.2.0.1.0 - Production
  Time: 12-JUL-2010 23:51:25
  Tracing not turned on.
  Tns error struct:
    ns main err code: 12564
    TNS-12564: TNS:conexão recusada
    ns secondary err code: 0
    nt main err code: 0
    nt secondary err code: 0
    nt OS err code: 0


***********************************************************************
Fatal NI connect error 12516, connecting to:
 (DESCRIPTION=(ADDRESS=(PROTOCOL=TCP)(HOST=localhost)(PORT=1521))(CONNECT_DATA=(SERVICE_NAME=xe)(CID=(PROGRAM=C:\Documents and Settings\Julierme\Meus documentos\Visual Studio 2008\GeradorDeCodigoNHibernate\GeradorDeCodigoNHibernate\GeradorDeCodigo\bin\Debug\GeradorDeCodigo.vshost.exe)(HOST=XP-VS2008)(USER=Julierme))))

  VERSION INFORMATION:
	TNS for 32-bit Windows: Version 10.2.0.1.0 - Production
	Windows NT TCP/IP NT Protocol Adapter for 32-bit Windows: Version 10.2.0.1.0 - Production
  Time: 12-JUL-2010 23:51:25
  Tracing not turned on.
  Tns error struct:
    ns main err code: 12564
    TNS-12564: TNS:conexão recusada
    ns secondary err code: 0
    nt main err code: 0
    nt secondary err code: 0
    nt OS err code: 0


***********************************************************************
Fatal NI connect error 12516, connecting to:
 (DESCRIPTION=(ADDRESS=(PROTOCOL=TCP)(HOST=localhost)(PORT=1521))(CONNECT_DATA=(SERVICE_NAME=xe)(CID=(PROGRAM=C:\Documents and Settings\Julierme\Meus documentos\Visual Studio 2008\GeradorDeCodigoNHibernate\GeradorDeCodigoNHibernate\GeradorDeCodigo\bin\Debug\GeradorDeCodigo.vshost.exe)(HOST=XP-VS2008)(USER=Julierme))))

  VERSION INFORMATION:
	TNS for 32-bit Windows: Version 10.2.0.1.0 - Production
	Windows NT TCP/IP NT Protocol Adapter for 32-bit Windows: Version 10.2.0.1.0 - Production
  Time: 12-JUL-2010 23:51:25
  Tracing not turned on.
  Tns error struct:
    ns main err code: 12564
    TNS-12564: TNS:conexão recusada
    ns secondary err code: 0
    nt main err code: 0
    nt secondary err code: 0
    nt OS err code: 0


***********************************************************************
Fatal NI connect error 12516, connecting to:
 (DESCRIPTION=(ADDRESS=(PROTOCOL=TCP)(HOST=localhost)(PORT=1521))(CONNECT_DATA=(SERVICE_NAME=xe)(CID=(PROGRAM=C:\Documents and Settings\Julierme\Meus documentos\Visual Studio 2008\GeradorDeCodigoNHibernate\GeradorDeCodigoNHibernate\GeradorDeCodigo\bin\Debug\GeradorDeCodigo.vshost.exe)(HOST=XP-VS2008)(USER=Julierme))))

  VERSION INFORMATION:
	TNS for 32-bit Windows: Version 10.2.0.1.0 - Production
	Windows NT TCP/IP NT Protocol Adapter for 32-bit Windows: Version 10.2.0.1.0 - Production
  Time: 12-JUL-2010 23:55:07
  Tracing not turned on.
  Tns error struct:
    ns main err code: 12564
    TNS-12564: TNS:conexão recusada
    ns secondary err code: 0
    nt main err code: 0
    nt secondary err code: 0
    nt OS err code: 0


***********************************************************************
Fatal NI connect error 12516, connecting to:
 (DESCRIPTION=(ADDRESS=(PROTOCOL=TCP)(HOST=localhost)(PORT=1521))(CONNECT_DATA=(SERVICE_NAME=xe)(CID=(PROGRAM=C:\Documents and Settings\Julierme\Meus documentos\Visual Studio 2008\GeradorDeCodigoNHibernate\GeradorDeCodigoNHibernate\GeradorDeCodigo\bin\Debug\GeradorDeCodigo.vshost.exe)(HOST=XP-VS2008)(USER=Julierme))))

  VERSION INFORMATION:
	TNS for 32-bit Windows: Version 10.2.0.1.0 - Production
	Windows NT TCP/IP NT Protocol Adapter for 32-bit Windows: Version 10.2.0.1.0 - Production
  Time: 12-JUL-2010 23:55:07
  Tracing not turned on.
  Tns error struct:
    ns main err code: 12564
    TNS-12564: TNS:conexão recusada
    ns secondary err code: 0
    nt main err code: 0
    nt secondary err code: 0
    nt OS err code: 0


***********************************************************************
Fatal NI connect error 12516, connecting to:
 (DESCRIPTION=(ADDRESS=(PROTOCOL=TCP)(HOST=localhost)(PORT=1521))(CONNECT_DATA=(SERVICE_NAME=xe)(CID=(PROGRAM=C:\Documents and Settings\Julierme\Meus documentos\Visual Studio 2008\GeradorDeCodigoNHibernate\GeradorDeCodigoNHibernate\GeradorDeCodigo\bin\Debug\GeradorDeCodigo.vshost.exe)(HOST=XP-VS2008)(USER=Julierme))))

  VERSION INFORMATION:
	TNS for 32-bit Windows: Version 10.2.0.1.0 - Production
	Windows NT TCP/IP NT Protocol Adapter for 32-bit Windows: Version 10.2.0.1.0 - Production
  Time: 12-JUL-2010 23:55:07
  Tracing not turned on.
  Tns error struct:
    ns main err code: 12564
    TNS-12564: TNS:conexão recusada
    ns secondary err code: 0
    nt main err code: 0
    nt secondary err code: 0
    nt OS err code: 0


***********************************************************************
Fatal NI connect error 12516, connecting to:
 (DESCRIPTION=(ADDRESS=(PROTOCOL=TCP)(HOST=localhost)(PORT=1521))(CONNECT_DATA=(SERVICE_NAME=xe)(CID=(PROGRAM=C:\Documents and Settings\Julierme\Meus documentos\Visual Studio 2008\GeradorDeCodigoNHibernate\GeradorDeCodigoNHibernate\GeradorDeCodigo\bin\Debug\GeradorDeCodigo.vshost.exe)(HOST=XP-VS2008)(USER=Julierme))))

  VERSION INFORMATION:
	TNS for 32-bit Windows: Version 10.2.0.1.0 - Production
	Windows NT TCP/IP NT Protocol Adapter for 32-bit Windows: Version 10.2.0.1.0 - Production
  Time: 12-JUL-2010 23:55:07
  Tracing not turned on.
  Tns error struct:
    ns main err code: 12564
    TNS-12564: TNS:conexão recusada
    ns secondary err code: 0
    nt main err code: 0
    nt secondary err code: 0
    nt OS err code: 0


***********************************************************************
Fatal NI connect error 12516, connecting to:
 (DESCRIPTION=(ADDRESS=(PROTOCOL=TCP)(HOST=localhost)(PORT=1521))(CONNECT_DATA=(SERVICE_NAME=xe)(CID=(PROGRAM=C:\Documents and Settings\Julierme\Meus documentos\Visual Studio 2008\GeradorDeCodigoNHibernate\GeradorDeCodigoNHibernate\GeradorDeCodigo\bin\Debug\GeradorDeCodigo.vshost.exe)(HOST=XP-VS2008)(USER=Julierme))))

  VERSION INFORMATION:
	TNS for 32-bit Windows: Version 10.2.0.1.0 - Production
	Windows NT TCP/IP NT Protocol Adapter for 32-bit Windows: Version 10.2.0.1.0 - Production
  Time: 12-JUL-2010 23:55:08
  Tracing not turned on.
  Tns error struct:
    ns main err code: 12564
    TNS-12564: TNS:conexão recusada
    ns secondary err code: 0
    nt main err code: 0
    nt secondary err code: 0
    nt OS err code: 0


***********************************************************************
Fatal NI connect error 12516, connecting to:
 (DESCRIPTION=(ADDRESS=(PROTOCOL=TCP)(HOST=localhost)(PORT=1521))(CONNECT_DATA=(SERVICE_NAME=xe)(CID=(PROGRAM=C:\Documents and Settings\Julierme\Meus documentos\Visual Studio 2008\GeradorDeCodigoNHibernate\GeradorDeCodigoNHibernate\GeradorDeCodigo\bin\Debug\GeradorDeCodigo.vshost.exe)(HOST=XP-VS2008)(USER=Julierme))))

  VERSION INFORMATION:
	TNS for 32-bit Windows: Version 10.2.0.1.0 - Production
	Windows NT TCP/IP NT Protocol Adapter for 32-bit Windows: Version 10.2.0.1.0 - Production
  Time: 12-JUL-2010 23:55:08
  Tracing not turned on.
  Tns error struct:
    ns main err code: 12564
    TNS-12564: TNS:conexão recusada
    ns secondary err code: 0
    nt main err code: 0
    nt secondary err code: 0
    nt OS err code: 0


***********************************************************************
Fatal NI connect error 12516, connecting to:
 (DESCRIPTION=(ADDRESS=(PROTOCOL=TCP)(HOST=localhost)(PORT=1521))(CONNECT_DATA=(SERVICE_NAME=xe)(CID=(PROGRAM=C:\Documents and Settings\Julierme\Meus documentos\Visual Studio 2008\GeradorDeCodigoNHibernate\GeradorDeCodigoNHibernate\GeradorDeCodigo\bin\Debug\GeradorDeCodigo.vshost.exe)(HOST=XP-VS2008)(USER=Julierme))))

  VERSION INFORMATION:
	TNS for 32-bit Windows: Version 10.2.0.1.0 - Production
	Windows NT TCP/IP NT Protocol Adapter for 32-bit Windows: Version 10.2.0.1.0 - Production
  Time: 12-JUL-2010 23:55:08
  Tracing not turned on.
  Tns error struct:
    ns main err code: 12564
    TNS-12564: TNS:conexão recusada
    ns secondary err code: 0
    nt main err code: 0
    nt secondary err code: 0
    nt OS err code: 0


***********************************************************************
Fatal NI connect error 12516, connecting to:
 (DESCRIPTION=(ADDRESS=(PROTOCOL=TCP)(HOST=localhost)(PORT=1521))(CONNECT_DATA=(SERVICE_NAME=xe)(CID=(PROGRAM=C:\Documents and Settings\Julierme\Meus documentos\Visual Studio 2008\GeradorDeCodigoNHibernate\GeradorDeCodigoNHibernate\GeradorDeCodigo\bin\Debug\GeradorDeCodigo.vshost.exe)(HOST=XP-VS2008)(USER=Julierme))))

  VERSION INFORMATION:
	TNS for 32-bit Windows: Version 10.2.0.1.0 - Production
	Windows NT TCP/IP NT Protocol Adapter for 32-bit Windows: Version 10.2.0.1.0 - Production
  Time: 12-JUL-2010 23:57:25
  Tracing not turned on.
  Tns error struct:
    ns main err code: 12564
    TNS-12564: TNS:conexão recusada
    ns secondary err code: 0
    nt main err code: 0
    nt secondary err code: 0
    nt OS err code: 0


***********************************************************************
Fatal NI connect error 12516, connecting to:
 (DESCRIPTION=(ADDRESS=(PROTOCOL=TCP)(HOST=localhost)(PORT=1521))(CONNECT_DATA=(SERVICE_NAME=xe)(CID=(PROGRAM=C:\Documents and Settings\Julierme\Meus documentos\Visual Studio 2008\GeradorDeCodigoNHibernate\GeradorDeCodigoNHibernate\GeradorDeCodigo\bin\Debug\GeradorDeCodigo.vshost.exe)(HOST=XP-VS2008)(USER=Julierme))))

  VERSION INFORMATION:
	TNS for 32-bit Windows: Version 10.2.0.1.0 - Production
	Windows NT TCP/IP NT Protocol Adapter for 32-bit Windows: Version 10.2.0.1.0 - Production
  Time: 12-JUL-2010 23:57:25
  Tracing not turned on.
  Tns error struct:
    ns main err code: 12564
    TNS-12564: TNS:conexão recusada
    ns secondary err code: 0
    nt main err code: 0
    nt secondary err code: 0
    nt OS err code: 0


***********************************************************************
Fatal NI connect error 12516, connecting to:
 (DESCRIPTION=(ADDRESS=(PROTOCOL=TCP)(HOST=localhost)(PORT=1521))(CONNECT_DATA=(SERVICE_NAME=xe)(CID=(PROGRAM=C:\Documents and Settings\Julierme\Meus documentos\Visual Studio 2008\GeradorDeCodigoNHibernate\GeradorDeCodigoNHibernate\GeradorDeCodigo\bin\Debug\GeradorDeCodigo.vshost.exe)(HOST=XP-VS2008)(USER=Julierme))))

  VERSION INFORMATION:
	TNS for 32-bit Windows: Version 10.2.0.1.0 - Production
	Windows NT TCP/IP NT Protocol Adapter for 32-bit Windows: Version 10.2.0.1.0 - Production
  Time: 12-JUL-2010 23:57:25
  Tracing not turned on.
  Tns error struct:
    ns main err code: 12564
    TNS-12564: TNS:conexão recusada
    ns secondary err code: 0
    nt main err code: 0
    nt secondary err code: 0
    nt OS err code: 0


***********************************************************************
Fatal NI connect error 12516, connecting to:
 (DESCRIPTION=(ADDRESS=(PROTOCOL=TCP)(HOST=localhost)(PORT=1521))(CONNECT_DATA=(SERVICE_NAME=xe)(CID=(PROGRAM=C:\Documents and Settings\Julierme\Meus documentos\Visual Studio 2008\GeradorDeCodigoNHibernate\GeradorDeCodigoNHibernate\GeradorDeCodigo\bin\Debug\GeradorDeCodigo.vshost.exe)(HOST=XP-VS2008)(USER=Julierme))))

  VERSION INFORMATION:
	TNS for 32-bit Windows: Version 10.2.0.1.0 - Production
	Windows NT TCP/IP NT Protocol Adapter for 32-bit Windows: Version 10.2.0.1.0 - Production
  Time: 12-JUL-2010 23:57:25
  Tracing not turned on.
  Tns error struct:
    ns main err code: 12564
    TNS-12564: TNS:conexão recusada
    ns secondary err code: 0
    nt main err code: 0
    nt secondary err code: 0
    nt OS err code: 0


***********************************************************************
Fatal NI connect error 12516, connecting to:
 (DESCRIPTION=(ADDRESS=(PROTOCOL=TCP)(HOST=localhost)(PORT=1521))(CONNECT_DATA=(SERVICE_NAME=xe)(CID=(PROGRAM=C:\Documents and Settings\Julierme\Meus documentos\Visual Studio 2008\GeradorDeCodigoNHibernate\GeradorDeCodigoNHibernate\GeradorDeCodigo\bin\Debug\GeradorDeCodigo.vshost.exe)(HOST=XP-VS2008)(USER=Julierme))))

  VERSION INFORMATION:
	TNS for 32-bit Windows: Version 10.2.0.1.0 - Production
	Windows NT TCP/IP NT Protocol Adapter for 32-bit Windows: Version 10.2.0.1.0 - Production
  Time: 12-JUL-2010 23:57:25
  Tracing not turned on.
  Tns error struct:
    ns main err code: 12564
    TNS-12564: TNS:conexão recusada
    ns secondary err code: 0
    nt main err code: 0
    nt secondary err code: 0
    nt OS err code: 0


***********************************************************************
Fatal NI connect error 12516, connecting to:
 (DESCRIPTION=(ADDRESS=(PROTOCOL=TCP)(HOST=localhost)(PORT=1521))(CONNECT_DATA=(SERVICE_NAME=xe)(CID=(PROGRAM=C:\Documents and Settings\Julierme\Meus documentos\Visual Studio 2008\GeradorDeCodigoNHibernate\GeradorDeCodigoNHibernate\GeradorDeCodigo\bin\Debug\GeradorDeCodigo.vshost.exe)(HOST=XP-VS2008)(USER=Julierme))))

  VERSION INFORMATION:
	TNS for 32-bit Windows: Version 10.2.0.1.0 - Production
	Windows NT TCP/IP NT Protocol Adapter for 32-bit Windows: Version 10.2.0.1.0 - Production
  Time: 12-JUL-2010 23:57:25
  Tracing not turned on.
  Tns error struct:
    ns main err code: 12564
    TNS-12564: TNS:conexão recusada
    ns secondary err code: 0
    nt main err code: 0
    nt secondary err code: 0
    nt OS err code: 0


***********************************************************************
Fatal NI connect error 12516, connecting to:
 (DESCRIPTION=(ADDRESS=(PROTOCOL=TCP)(HOST=localhost)(PORT=1521))(CONNECT_DATA=(SERVICE_NAME=xe)(CID=(PROGRAM=C:\Documents and Settings\Julierme\Meus documentos\Visual Studio 2008\GeradorDeCodigoNHibernate\GeradorDeCodigoNHibernate\GeradorDeCodigo\bin\Debug\GeradorDeCodigo.vshost.exe)(HOST=XP-VS2008)(USER=Julierme))))

  VERSION INFORMATION:
	TNS for 32-bit Windows: Version 10.2.0.1.0 - Production
	Windows NT TCP/IP NT Protocol Adapter for 32-bit Windows: Version 10.2.0.1.0 - Production
  Time: 12-JUL-2010 23:57:26
  Tracing not turned on.
  Tns error struct:
    ns main err code: 12564
    TNS-12564: TNS:conexão recusada
    ns secondary err code: 0
    nt main err code: 0
    nt secondary err code: 0
    nt OS err code: 0


***********************************************************************
Fatal NI connect error 12516, connecting to:
 (DESCRIPTION=(ADDRESS=(PROTOCOL=TCP)(HOST=localhost)(PORT=1521))(CONNECT_DATA=(SERVICE_NAME=xe)(CID=(PROGRAM=C:\Documents and Settings\Julierme\Meus documentos\Visual Studio 2008\GeradorDeCodigoNHibernate\GeradorDeCodigoNHibernate\GeradorDeCodigo\bin\Debug\GeradorDeCodigo.vshost.exe)(HOST=XP-VS2008)(USER=Julierme))))

  VERSION INFORMATION:
	TNS for 32-bit Windows: Version 10.2.0.1.0 - Production
	Windows NT TCP/IP NT Protocol Adapter for 32-bit Windows: Version 10.2.0.1.0 - Production
  Time: 13-JUL-2010 00:03:28
  Tracing not turned on.
  Tns error struct:
    ns main err code: 12564
    TNS-12564: TNS:conexão recusada
    ns secondary err code: 0
    nt main err code: 0
    nt secondary err code: 0
    nt OS err code: 0


***********************************************************************
Fatal NI connect error 12516, connecting to:
 (DESCRIPTION=(ADDRESS=(PROTOCOL=TCP)(HOST=localhost)(PORT=1521))(CONNECT_DATA=(SERVICE_NAME=xe)(CID=(PROGRAM=C:\Documents and Settings\Julierme\Meus documentos\Visual Studio 2008\GeradorDeCodigoNHibernate\GeradorDeCodigoNHibernate\GeradorDeCodigo\bin\Debug\GeradorDeCodigo.vshost.exe)(HOST=XP-VS2008)(USER=Julierme))))

  VERSION INFORMATION:
	TNS for 32-bit Windows: Version 10.2.0.1.0 - Production
	Windows NT TCP/IP NT Protocol Adapter for 32-bit Windows: Version 10.2.0.1.0 - Production
  Time: 13-JUL-2010 00:03:28
  Tracing not turned on.
  Tns error struct:
    ns main err code: 12564
    TNS-12564: TNS:conexão recusada
    ns secondary err code: 0
    nt main err code: 0
    nt secondary err code: 0
    nt OS err code: 0


***********************************************************************
Fatal NI connect error 12516, connecting to:
 (DESCRIPTION=(ADDRESS=(PROTOCOL=TCP)(HOST=localhost)(PORT=1521))(CONNECT_DATA=(SERVICE_NAME=xe)(CID=(PROGRAM=C:\Documents and Settings\Julierme\Meus documentos\Visual Studio 2008\GeradorDeCodigoNHibernate\GeradorDeCodigoNHibernate\GeradorDeCodigo\bin\Debug\GeradorDeCodigo.vshost.exe)(HOST=XP-VS2008)(USER=Julierme))))

  VERSION INFORMATION:
	TNS for 32-bit Windows: Version 10.2.0.1.0 - Production
	Windows NT TCP/IP NT Protocol Adapter for 32-bit Windows: Version 10.2.0.1.0 - Production
  Time: 13-JUL-2010 00:03:28
  Tracing not turned on.
  Tns error struct:
    ns main err code: 12564
    TNS-12564: TNS:conexão recusada
    ns secondary err code: 0
    nt main err code: 0
    nt secondary err code: 0
    nt OS err code: 0


***********************************************************************
Fatal NI connect error 12516, connecting to:
 (DESCRIPTION=(ADDRESS=(PROTOCOL=TCP)(HOST=localhost)(PORT=1521))(CONNECT_DATA=(SERVICE_NAME=xe)(CID=(PROGRAM=C:\Documents and Settings\Julierme\Meus documentos\Visual Studio 2008\GeradorDeCodigoNHibernate\GeradorDeCodigoNHibernate\GeradorDeCodigo\bin\Debug\GeradorDeCodigo.vshost.exe)(HOST=XP-VS2008)(USER=Julierme))))

  VERSION INFORMATION:
	TNS for 32-bit Windows: Version 10.2.0.1.0 - Production
	Windows NT TCP/IP NT Protocol Adapter for 32-bit Windows: Version 10.2.0.1.0 - Production
  Time: 13-JUL-2010 00:03:28
  Tracing not turned on.
  Tns error struct:
    ns main err code: 12564
    TNS-12564: TNS:conexão recusada
    ns secondary err code: 0
    nt main err code: 0
    nt secondary err code: 0
    nt OS err code: 0


***********************************************************************
Fatal NI connect error 12516, connecting to:
 (DESCRIPTION=(ADDRESS=(PROTOCOL=TCP)(HOST=localhost)(PORT=1521))(CONNECT_DATA=(SERVICE_NAME=xe)(CID=(PROGRAM=C:\Documents and Settings\Julierme\Meus documentos\Visual Studio 2008\GeradorDeCodigoNHibernate\GeradorDeCodigoNHibernate\GeradorDeCodigo\bin\Debug\GeradorDeCodigo.vshost.exe)(HOST=XP-VS2008)(USER=Julierme))))

  VERSION INFORMATION:
	TNS for 32-bit Windows: Version 10.2.0.1.0 - Production
	Windows NT TCP/IP NT Protocol Adapter for 32-bit Windows: Version 10.2.0.1.0 - Production
  Time: 13-JUL-2010 00:03:28
  Tracing not turned on.
  Tns error struct:
    ns main err code: 12564
    TNS-12564: TNS:conexão recusada
    ns secondary err code: 0
    nt main err code: 0
    nt secondary err code: 0
    nt OS err code: 0


***********************************************************************
Fatal NI connect error 12516, connecting to:
 (DESCRIPTION=(ADDRESS=(PROTOCOL=TCP)(HOST=localhost)(PORT=1521))(CONNECT_DATA=(SERVICE_NAME=xe)(CID=(PROGRAM=C:\Documents and Settings\Julierme\Meus documentos\Visual Studio 2008\GeradorDeCodigoNHibernate\GeradorDeCodigoNHibernate\GeradorDeCodigo\bin\Debug\GeradorDeCodigo.vshost.exe)(HOST=XP-VS2008)(USER=Julierme))))

  VERSION INFORMATION:
	TNS for 32-bit Windows: Version 10.2.0.1.0 - Production
	Windows NT TCP/IP NT Protocol Adapter for 32-bit Windows: Version 10.2.0.1.0 - Production
  Time: 13-JUL-2010 00:03:28
  Tracing not turned on.
  Tns error struct:
    ns main err code: 12564
    TNS-12564: TNS:conexão recusada
    ns secondary err code: 0
    nt main err code: 0
    nt secondary err code: 0
    nt OS err code: 0


***********************************************************************
Fatal NI connect error 12516, connecting to:
 (DESCRIPTION=(ADDRESS=(PROTOCOL=TCP)(HOST=localhost)(PORT=1521))(CONNECT_DATA=(SERVICE_NAME=xe)(CID=(PROGRAM=C:\Documents and Settings\Julierme\Meus documentos\Visual Studio 2008\GeradorDeCodigoNHibernate\GeradorDeCodigoNHibernate\GeradorDeCodigo\bin\Debug\GeradorDeCodigo.vshost.exe)(HOST=XP-VS2008)(USER=Julierme))))

  VERSION INFORMATION:
	TNS for 32-bit Windows: Version 10.2.0.1.0 - Production
	Windows NT TCP/IP NT Protocol Adapter for 32-bit Windows: Version 10.2.0.1.0 - Production
  Time: 13-JUL-2010 00:03:28
  Tracing not turned on.
  Tns error struct:
    ns main err code: 12564
    TNS-12564: TNS:conexão recusada
    ns secondary err code: 0
    nt main err code: 0
    nt secondary err code: 0
    nt OS err code: 0


***********************************************************************
Fatal NI connect error 12516, connecting to:
 (DESCRIPTION=(ADDRESS=(PROTOCOL=TCP)(HOST=localhost)(PORT=1521))(CONNECT_DATA=(SERVICE_NAME=xe)(CID=(PROGRAM=C:\Documents and Settings\Julierme\Meus documentos\Visual Studio 2008\GeradorDeCodigoNHibernate\GeradorDeCodigoNHibernate\GeradorDeCodigo\bin\Debug\GeradorDeCodigo.vshost.exe)(HOST=XP-VS2008)(USER=Julierme))))

  VERSION INFORMATION:
	TNS for 32-bit Windows: Version 10.2.0.1.0 - Production
	Windows NT TCP/IP NT Protocol Adapter for 32-bit Windows: Version 10.2.0.1.0 - Production
  Time: 13-JUL-2010 00:04:51
  Tracing not turned on.
  Tns error struct:
    ns main err code: 12564
    TNS-12564: TNS:conexão recusada
    ns secondary err code: 0
    nt main err code: 0
    nt secondary err code: 0
    nt OS err code: 0


***********************************************************************
Fatal NI connect error 12516, connecting to:
 (DESCRIPTION=(ADDRESS=(PROTOCOL=TCP)(HOST=localhost)(PORT=1521))(CONNECT_DATA=(SERVICE_NAME=xe)(CID=(PROGRAM=C:\Documents and Settings\Julierme\Meus documentos\Visual Studio 2008\GeradorDeCodigoNHibernate\GeradorDeCodigoNHibernate\GeradorDeCodigo\bin\Debug\GeradorDeCodigo.vshost.exe)(HOST=XP-VS2008)(USER=Julierme))))

  VERSION INFORMATION:
	TNS for 32-bit Windows: Version 10.2.0.1.0 - Production
	Windows NT TCP/IP NT Protocol Adapter for 32-bit Windows: Version 10.2.0.1.0 - Production
  Time: 13-JUL-2010 00:04:51
  Tracing not turned on.
  Tns error struct:
    ns main err code: 12564
    TNS-12564: TNS:conexão recusada
    ns secondary err code: 0
    nt main err code: 0
    nt secondary err code: 0
    nt OS err code: 0


***********************************************************************
Fatal NI connect error 12516, connecting to:
 (DESCRIPTION=(ADDRESS=(PROTOCOL=TCP)(HOST=localhost)(PORT=1521))(CONNECT_DATA=(SERVICE_NAME=xe)(CID=(PROGRAM=C:\Documents and Settings\Julierme\Meus documentos\Visual Studio 2008\GeradorDeCodigoNHibernate\GeradorDeCodigoNHibernate\GeradorDeCodigo\bin\Debug\GeradorDeCodigo.vshost.exe)(HOST=XP-VS2008)(USER=Julierme))))

  VERSION INFORMATION:
	TNS for 32-bit Windows: Version 10.2.0.1.0 - Production
	Windows NT TCP/IP NT Protocol Adapter for 32-bit Windows: Version 10.2.0.1.0 - Production
  Time: 13-JUL-2010 00:04:51
  Tracing not turned on.
  Tns error struct:
    ns main err code: 12564
    TNS-12564: TNS:conexão recusada
    ns secondary err code: 0
    nt main err code: 0
    nt secondary err code: 0
    nt OS err code: 0


***********************************************************************
Fatal NI connect error 12516, connecting to:
 (DESCRIPTION=(ADDRESS=(PROTOCOL=TCP)(HOST=localhost)(PORT=1521))(CONNECT_DATA=(SERVICE_NAME=xe)(CID=(PROGRAM=C:\Documents and Settings\Julierme\Meus documentos\Visual Studio 2008\GeradorDeCodigoNHibernate\GeradorDeCodigoNHibernate\GeradorDeCodigo\bin\Debug\GeradorDeCodigo.vshost.exe)(HOST=XP-VS2008)(USER=Julierme))))

  VERSION INFORMATION:
	TNS for 32-bit Windows: Version 10.2.0.1.0 - Production
	Windows NT TCP/IP NT Protocol Adapter for 32-bit Windows: Version 10.2.0.1.0 - Production
  Time: 13-JUL-2010 00:04:51
  Tracing not turned on.
  Tns error struct:
    ns main err code: 12564
    TNS-12564: TNS:conexão recusada
    ns secondary err code: 0
    nt main err code: 0
    nt secondary err code: 0
    nt OS err code: 0


***********************************************************************
Fatal NI connect error 12516, connecting to:
 (DESCRIPTION=(ADDRESS=(PROTOCOL=TCP)(HOST=localhost)(PORT=1521))(CONNECT_DATA=(SERVICE_NAME=xe)(CID=(PROGRAM=C:\Documents and Settings\Julierme\Meus documentos\Visual Studio 2008\GeradorDeCodigoNHibernate\GeradorDeCodigoNHibernate\GeradorDeCodigo\bin\Debug\GeradorDeCodigo.vshost.exe)(HOST=XP-VS2008)(USER=Julierme))))

  VERSION INFORMATION:
	TNS for 32-bit Windows: Version 10.2.0.1.0 - Production
	Windows NT TCP/IP NT Protocol Adapter for 32-bit Windows: Version 10.2.0.1.0 - Production
  Time: 13-JUL-2010 00:04:51
  Tracing not turned on.
  Tns error struct:
    ns main err code: 12564
    TNS-12564: TNS:conexão recusada
    ns secondary err code: 0
    nt main err code: 0
    nt secondary err code: 0
    nt OS err code: 0


***********************************************************************
Fatal NI connect error 12516, connecting to:
 (DESCRIPTION=(ADDRESS=(PROTOCOL=TCP)(HOST=localhost)(PORT=1521))(CONNECT_DATA=(SERVICE_NAME=xe)(CID=(PROGRAM=C:\Documents and Settings\Julierme\Meus documentos\Visual Studio 2008\GeradorDeCodigoNHibernate\GeradorDeCodigoNHibernate\GeradorDeCodigo\bin\Debug\GeradorDeCodigo.vshost.exe)(HOST=XP-VS2008)(USER=Julierme))))

  VERSION INFORMATION:
	TNS for 32-bit Windows: Version 10.2.0.1.0 - Production
	Windows NT TCP/IP NT Protocol Adapter for 32-bit Windows: Version 10.2.0.1.0 - Production
  Time: 13-JUL-2010 00:04:51
  Tracing not turned on.
  Tns error struct:
    ns main err code: 12564
    TNS-12564: TNS:conexão recusada
    ns secondary err code: 0
    nt main err code: 0
    nt secondary err code: 0
    nt OS err code: 0


***********************************************************************
Fatal NI connect error 12516, connecting to:
 (DESCRIPTION=(ADDRESS=(PROTOCOL=TCP)(HOST=localhost)(PORT=1521))(CONNECT_DATA=(SERVICE_NAME=xe)(CID=(PROGRAM=C:\Documents and Settings\Julierme\Meus documentos\Visual Studio 2008\GeradorDeCodigoNHibernate\GeradorDeCodigoNHibernate\GeradorDeCodigo\bin\Debug\GeradorDeCodigo.vshost.exe)(HOST=XP-VS2008)(USER=Julierme))))

  VERSION INFORMATION:
	TNS for 32-bit Windows: Version 10.2.0.1.0 - Production
	Windows NT TCP/IP NT Protocol Adapter for 32-bit Windows: Version 10.2.0.1.0 - Production
  Time: 13-JUL-2010 00:04:51
  Tracing not turned on.
  Tns error struct:
    ns main err code: 12564
    TNS-12564: TNS:conexão recusada
    ns secondary err code: 0
    nt main err code: 0
    nt secondary err code: 0
    nt OS err code: 0


***********************************************************************
Fatal NI connect error 12516, connecting to:
 (DESCRIPTION=(ADDRESS=(PROTOCOL=TCP)(HOST=localhost)(PORT=1521))(CONNECT_DATA=(SERVICE_NAME=xe)(CID=(PROGRAM=C:\Documents and Settings\Julierme\Meus documentos\Visual Studio 2008\GeradorDeCodigoNHibernate\GeradorDeCodigoNHibernate\GeradorDeCodigo\bin\Debug\GeradorDeCodigo.vshost.exe)(HOST=XP-VS2008)(USER=Julierme))))

  VERSION INFORMATION:
	TNS for 32-bit Windows: Version 10.2.0.1.0 - Production
	Windows NT TCP/IP NT Protocol Adapter for 32-bit Windows: Version 10.2.0.1.0 - Production
  Time: 13-JUL-2010 00:13:55
  Tracing not turned on.
  Tns error struct:
    ns main err code: 12564
    TNS-12564: TNS:conexão recusada
    ns secondary err code: 0
    nt main err code: 0
    nt secondary err code: 0
    nt OS err code: 0


***********************************************************************
Fatal NI connect error 12516, connecting to:
 (DESCRIPTION=(ADDRESS=(PROTOCOL=TCP)(HOST=localhost)(PORT=1521))(CONNECT_DATA=(SERVICE_NAME=xe)(CID=(PROGRAM=C:\Documents and Settings\Julierme\Meus documentos\Visual Studio 2008\GeradorDeCodigoNHibernate\GeradorDeCodigoNHibernate\GeradorDeCodigo\bin\Debug\GeradorDeCodigo.vshost.exe)(HOST=XP-VS2008)(USER=Julierme))))

  VERSION INFORMATION:
	TNS for 32-bit Windows: Version 10.2.0.1.0 - Production
	Windows NT TCP/IP NT Protocol Adapter for 32-bit Windows: Version 10.2.0.1.0 - Production
  Time: 13-JUL-2010 00:13:55
  Tracing not turned on.
  Tns error struct:
    ns main err code: 12564
    TNS-12564: TNS:conexão recusada
    ns secondary err code: 0
    nt main err code: 0
    nt secondary err code: 0
    nt OS err code: 0


***********************************************************************
Fatal NI connect error 12516, connecting to:
 (DESCRIPTION=(ADDRESS=(PROTOCOL=TCP)(HOST=localhost)(PORT=1521))(CONNECT_DATA=(SERVICE_NAME=xe)(CID=(PROGRAM=C:\Documents and Settings\Julierme\Meus documentos\Visual Studio 2008\GeradorDeCodigoNHibernate\GeradorDeCodigoNHibernate\GeradorDeCodigo\bin\Debug\GeradorDeCodigo.vshost.exe)(HOST=XP-VS2008)(USER=Julierme))))

  VERSION INFORMATION:
	TNS for 32-bit Windows: Version 10.2.0.1.0 - Production
	Windows NT TCP/IP NT Protocol Adapter for 32-bit Windows: Version 10.2.0.1.0 - Production
  Time: 13-JUL-2010 00:13:55
  Tracing not turned on.
  Tns error struct:
    ns main err code: 12564
    TNS-12564: TNS:conexão recusada
    ns secondary err code: 0
    nt main err code: 0
    nt secondary err code: 0
    nt OS err code: 0


***********************************************************************
Fatal NI connect error 12516, connecting to:
 (DESCRIPTION=(ADDRESS=(PROTOCOL=TCP)(HOST=localhost)(PORT=1521))(CONNECT_DATA=(SERVICE_NAME=xe)(CID=(PROGRAM=C:\Documents and Settings\Julierme\Meus documentos\Visual Studio 2008\GeradorDeCodigoNHibernate\GeradorDeCodigoNHibernate\GeradorDeCodigo\bin\Debug\GeradorDeCodigo.vshost.exe)(HOST=XP-VS2008)(USER=Julierme))))

  VERSION INFORMATION:
	TNS for 32-bit Windows: Version 10.2.0.1.0 - Production
	Windows NT TCP/IP NT Protocol Adapter for 32-bit Windows: Version 10.2.0.1.0 - Production
  Time: 13-JUL-2010 00:13:55
  Tracing not turned on.
  Tns error struct:
    ns main err code: 12564
    TNS-12564: TNS:conexão recusada
    ns secondary err code: 0
    nt main err code: 0
    nt secondary err code: 0
    nt OS err code: 0


***********************************************************************
Fatal NI connect error 12516, connecting to:
 (DESCRIPTION=(ADDRESS=(PROTOCOL=TCP)(HOST=localhost)(PORT=1521))(CONNECT_DATA=(SERVICE_NAME=xe)(CID=(PROGRAM=C:\Documents and Settings\Julierme\Meus documentos\Visual Studio 2008\GeradorDeCodigoNHibernate\GeradorDeCodigoNHibernate\GeradorDeCodigo\bin\Debug\GeradorDeCodigo.vshost.exe)(HOST=XP-VS2008)(USER=Julierme))))

  VERSION INFORMATION:
	TNS for 32-bit Windows: Version 10.2.0.1.0 - Production
	Windows NT TCP/IP NT Protocol Adapter for 32-bit Windows: Version 10.2.0.1.0 - Production
  Time: 13-JUL-2010 00:13:55
  Tracing not turned on.
  Tns error struct:
    ns main err code: 12564
    TNS-12564: TNS:conexão recusada
    ns secondary err code: 0
    nt main err code: 0
    nt secondary err code: 0
    nt OS err code: 0


***********************************************************************
Fatal NI connect error 12516, connecting to:
 (DESCRIPTION=(ADDRESS=(PROTOCOL=TCP)(HOST=localhost)(PORT=1521))(CONNECT_DATA=(SERVICE_NAME=xe)(CID=(PROGRAM=C:\Documents and Settings\Julierme\Meus documentos\Visual Studio 2008\GeradorDeCodigoNHibernate\GeradorDeCodigoNHibernate\GeradorDeCodigo\bin\Debug\GeradorDeCodigo.vshost.exe)(HOST=XP-VS2008)(USER=Julierme))))

  VERSION INFORMATION:
	TNS for 32-bit Windows: Version 10.2.0.1.0 - Production
	Windows NT TCP/IP NT Protocol Adapter for 32-bit Windows: Version 10.2.0.1.0 - Production
  Time: 13-JUL-2010 00:13:55
  Tracing not turned on.
  Tns error struct:
    ns main err code: 12564
    TNS-12564: TNS:conexão recusada
    ns secondary err code: 0
    nt main err code: 0
    nt secondary err code: 0
    nt OS err code: 0


***********************************************************************
Fatal NI connect error 12516, connecting to:
 (DESCRIPTION=(ADDRESS=(PROTOCOL=TCP)(HOST=localhost)(PORT=1521))(CONNECT_DATA=(SERVICE_NAME=xe)(CID=(PROGRAM=C:\Documents and Settings\Julierme\Meus documentos\Visual Studio 2008\GeradorDeCodigoNHibernate\GeradorDeCodigoNHibernate\GeradorDeCodigo\bin\Debug\GeradorDeCodigo.vshost.exe)(HOST=XP-VS2008)(USER=Julierme))))

  VERSION INFORMATION:
	TNS for 32-bit Windows: Version 10.2.0.1.0 - Production
	Windows NT TCP/IP NT Protocol Adapter for 32-bit Windows: Version 10.2.0.1.0 - Production
  Time: 13-JUL-2010 00:13:55
  Tracing not turned on.
  Tns error struct:
    ns main err code: 12564
    TNS-12564: TNS:conexão recusada
    ns secondary err code: 0
    nt main err code: 0
    nt secondary err code: 0
    nt OS err code: 0


***********************************************************************
Fatal NI connect error 12516, connecting to:
 (DESCRIPTION=(ADDRESS=(PROTOCOL=TCP)(HOST=localhost)(PORT=1521))(CONNECT_DATA=(SERVICE_NAME=xe)(CID=(PROGRAM=C:\Documents and Settings\Julierme\Meus documentos\Visual Studio 2008\GeradorDeCodigoNHibernate\GeradorDeCodigoNHibernate\GeradorDeCodigo\bin\Debug\GeradorDeCodigo.vshost.exe)(HOST=XP-VS2008)(USER=Julierme))))

  VERSION INFORMATION:
	TNS for 32-bit Windows: Version 10.2.0.1.0 - Production
	Windows NT TCP/IP NT Protocol Adapter for 32-bit Windows: Version 10.2.0.1.0 - Production
  Time: 13-JUL-2010 00:17:21
  Tracing not turned on.
  Tns error struct:
    ns main err code: 12564
    TNS-12564: TNS:conexão recusada
    ns secondary err code: 0
    nt main err code: 0
    nt secondary err code: 0
    nt OS err code: 0


***********************************************************************
Fatal NI connect error 12516, connecting to:
 (DESCRIPTION=(ADDRESS=(PROTOCOL=TCP)(HOST=localhost)(PORT=1521))(CONNECT_DATA=(SERVICE_NAME=xe)(CID=(PROGRAM=C:\Documents and Settings\Julierme\Meus documentos\Visual Studio 2008\GeradorDeCodigoNHibernate\GeradorDeCodigoNHibernate\GeradorDeCodigo\bin\Debug\GeradorDeCodigo.vshost.exe)(HOST=XP-VS2008)(USER=Julierme))))

  VERSION INFORMATION:
	TNS for 32-bit Windows: Version 10.2.0.1.0 - Production
	Windows NT TCP/IP NT Protocol Adapter for 32-bit Windows: Version 10.2.0.1.0 - Production
  Time: 13-JUL-2010 00:17:21
  Tracing not turned on.
  Tns error struct:
    ns main err code: 12564
    TNS-12564: TNS:conexão recusada
    ns secondary err code: 0
    nt main err code: 0
    nt secondary err code: 0
    nt OS err code: 0


***********************************************************************
Fatal NI connect error 12516, connecting to:
 (DESCRIPTION=(ADDRESS=(PROTOCOL=TCP)(HOST=localhost)(PORT=1521))(CONNECT_DATA=(SERVICE_NAME=xe)(CID=(PROGRAM=C:\Documents and Settings\Julierme\Meus documentos\Visual Studio 2008\GeradorDeCodigoNHibernate\GeradorDeCodigoNHibernate\GeradorDeCodigo\bin\Debug\GeradorDeCodigo.vshost.exe)(HOST=XP-VS2008)(USER=Julierme))))

  VERSION INFORMATION:
	TNS for 32-bit Windows: Version 10.2.0.1.0 - Production
	Windows NT TCP/IP NT Protocol Adapter for 32-bit Windows: Version 10.2.0.1.0 - Production
  Time: 13-JUL-2010 00:17:21
  Tracing not turned on.
  Tns error struct:
    ns main err code: 12564
    TNS-12564: TNS:conexão recusada
    ns secondary err code: 0
    nt main err code: 0
    nt secondary err code: 0
    nt OS err code: 0


***********************************************************************
Fatal NI connect error 12516, connecting to:
 (DESCRIPTION=(ADDRESS=(PROTOCOL=TCP)(HOST=localhost)(PORT=1521))(CONNECT_DATA=(SERVICE_NAME=xe)(CID=(PROGRAM=C:\Documents and Settings\Julierme\Meus documentos\Visual Studio 2008\GeradorDeCodigoNHibernate\GeradorDeCodigoNHibernate\GeradorDeCodigo\bin\Debug\GeradorDeCodigo.vshost.exe)(HOST=XP-VS2008)(USER=Julierme))))

  VERSION INFORMATION:
	TNS for 32-bit Windows: Version 10.2.0.1.0 - Production
	Windows NT TCP/IP NT Protocol Adapter for 32-bit Windows: Version 10.2.0.1.0 - Production
  Time: 13-JUL-2010 00:17:21
  Tracing not turned on.
  Tns error struct:
    ns main err code: 12564
    TNS-12564: TNS:conexão recusada
    ns secondary err code: 0
    nt main err code: 0
    nt secondary err code: 0
    nt OS err code: 0


***********************************************************************
Fatal NI connect error 12516, connecting to:
 (DESCRIPTION=(ADDRESS=(PROTOCOL=TCP)(HOST=localhost)(PORT=1521))(CONNECT_DATA=(SERVICE_NAME=xe)(CID=(PROGRAM=C:\Documents and Settings\Julierme\Meus documentos\Visual Studio 2008\GeradorDeCodigoNHibernate\GeradorDeCodigoNHibernate\GeradorDeCodigo\bin\Debug\GeradorDeCodigo.vshost.exe)(HOST=XP-VS2008)(USER=Julierme))))

  VERSION INFORMATION:
	TNS for 32-bit Windows: Version 10.2.0.1.0 - Production
	Windows NT TCP/IP NT Protocol Adapter for 32-bit Windows: Version 10.2.0.1.0 - Production
  Time: 13-JUL-2010 00:17:21
  Tracing not turned on.
  Tns error struct:
    ns main err code: 12564
    TNS-12564: TNS:conexão recusada
    ns secondary err code: 0
    nt main err code: 0
    nt secondary err code: 0
    nt OS err code: 0


***********************************************************************
Fatal NI connect error 12516, connecting to:
 (DESCRIPTION=(ADDRESS=(PROTOCOL=TCP)(HOST=localhost)(PORT=1521))(CONNECT_DATA=(SERVICE_NAME=xe)(CID=(PROGRAM=C:\Documents and Settings\Julierme\Meus documentos\Visual Studio 2008\GeradorDeCodigoNHibernate\GeradorDeCodigoNHibernate\GeradorDeCodigo\bin\Debug\GeradorDeCodigo.vshost.exe)(HOST=XP-VS2008)(USER=Julierme))))

  VERSION INFORMATION:
	TNS for 32-bit Windows: Version 10.2.0.1.0 - Production
	Windows NT TCP/IP NT Protocol Adapter for 32-bit Windows: Version 10.2.0.1.0 - Production
  Time: 13-JUL-2010 00:17:21
  Tracing not turned on.
  Tns error struct:
    ns main err code: 12564
    TNS-12564: TNS:conexão recusada
    ns secondary err code: 0
    nt main err code: 0
    nt secondary err code: 0
    nt OS err code: 0


***********************************************************************
Fatal NI connect error 12516, connecting to:
 (DESCRIPTION=(ADDRESS=(PROTOCOL=TCP)(HOST=localhost)(PORT=1521))(CONNECT_DATA=(SERVICE_NAME=xe)(CID=(PROGRAM=C:\Documents and Settings\Julierme\Meus documentos\Visual Studio 2008\GeradorDeCodigoNHibernate\GeradorDeCodigoNHibernate\GeradorDeCodigo\bin\Debug\GeradorDeCodigo.vshost.exe)(HOST=XP-VS2008)(USER=Julierme))))

  VERSION INFORMATION:
	TNS for 32-bit Windows: Version 10.2.0.1.0 - Production
	Windows NT TCP/IP NT Protocol Adapter for 32-bit Windows: Version 10.2.0.1.0 - Production
  Time: 13-JUL-2010 00:17:21
  Tracing not turned on.
  Tns error struct:
    ns main err code: 12564
    TNS-12564: TNS:conexão recusada
    ns secondary err code: 0
    nt main err code: 0
    nt secondary err code: 0
    nt OS err code: 0
